<?xml version="1.0" encoding="UTF-8"?>
<testng-results skipped="0" failed="0" total="1" passed="1">
  <reporter-output>
  </reporter-output>
  <suite name="Default suite" duration-ms="119" started-at="2021-04-21T13:34:51Z" finished-at="2021-04-21T13:34:52Z">
    <groups>
    </groups>
    <test name="Default test" duration-ms="119" started-at="2021-04-21T13:34:51Z" finished-at="2021-04-21T13:34:52Z">
      <class name="com.crm.Autodesk.AutodeskSample">
        <test-method status="PASS" signature="sampleTest()[pri:0, instance:com.crm.Autodesk.AutodeskSample@7c0e2abd]" name="sampleTest" duration-ms="44" started-at="2021-04-21T19:04:51Z" finished-at="2021-04-21T19:04:52Z">
          <reporter-output>
          </reporter-output>
        </test-method> <!-- sampleTest -->
      </class> <!-- com.crm.Autodesk.AutodeskSample -->
    </test> <!-- Default test -->
  </suite> <!-- Default suite -->
</testng-results>
